<?xml version="1.0" encoding="UTF-8"?>
<!-- Generated by org.testng.reporters.JUnitXMLReporter -->
<testsuite hostname="QTLSYS0-237" ignored="19" name="Test" tests="1" failures="1" timestamp="07 Nov 2019 04:54:26 GMT" time="227.54" errors="0">
  <testcase name="Refinance" time="225.512" classname="tests.QCStore">
    <failure type="org.openqa.selenium.NoSuchElementException" message="Unable to find element with name == checkyes (WARNING: The server did not provide any stacktrace information)
Command duration or timeout: 0 milliseconds
For documentation on this error, please visit: http://seleniumhq.org/exceptions/no_such_element.html
Build info: version: &amp;apos;3.14.0&amp;apos;, revision: &amp;apos;aacccce0&amp;apos;, time: &amp;apos;2018-08-02T20:19:58.91Z&amp;apos;
System info: host: &amp;apos;QTLSYS0-237&amp;apos;, ip: &amp;apos;192.168.0.237&amp;apos;, os.name: &amp;apos;Windows 10&amp;apos;, os.arch: &amp;apos;amd64&amp;apos;, os.version: &amp;apos;10.0&amp;apos;, java.version: &amp;apos;1.8.0_181&amp;apos;
Driver info: org.openqa.selenium.ie.InternetExplorerDriver
Capabilities {browserAttachTimeout: 0, browserName: internet explorer, cssSelectorsEnabled: true, elementScrollBehavior: 0, enableElementCacheCleanup: true, enablePersistentHover: true, handlesAlerts: true, ie.browserCommandLineSwitches: , ie.ensureCleanSession: false, ie.forceCreateProcessApi: false, ie.usePerProcessProxy: false, ignoreProtectedModeSettings: false, ignoreZoomSetting: false, initialBrowserUrl: http://localhost:37527/, javascriptEnabled: true, nativeEvents: true, platform: WINDOWS, platformName: WINDOWS, requireWindowFocus: false, takesScreenshot: true, unexpectedAlertBehaviour: dismiss, unhandledPromptBehavior: dismiss, version: 11}
Session ID: 34641a5b-368b-4a28-a90d-7a41884b15b3
*** Element info: {Using=name, value=checkyes}">
      <![CDATA[org.openqa.selenium.NoSuchElementException: Unable to find element with name == checkyes (WARNING: The server did not provide any stacktrace information)
Command duration or timeout: 0 milliseconds
For documentation on this error, please visit: http://seleniumhq.org/exceptions/no_such_element.html
Build info: version: '3.14.0', revision: 'aacccce0', time: '2018-08-02T20:19:58.91Z'
System info: host: 'QTLSYS0-237', ip: '192.168.0.237', os.name: 'Windows 10', os.arch: 'amd64', os.version: '10.0', java.version: '1.8.0_181'
Driver info: org.openqa.selenium.ie.InternetExplorerDriver
Capabilities {browserAttachTimeout: 0, browserName: internet explorer, cssSelectorsEnabled: true, elementScrollBehavior: 0, enableElementCacheCleanup: true, enablePersistentHover: true, handlesAlerts: true, ie.browserCommandLineSwitches: , ie.ensureCleanSession: false, ie.forceCreateProcessApi: false, ie.usePerProcessProxy: false, ignoreProtectedModeSettings: false, ignoreZoomSetting: false, initialBrowserUrl: http://localhost:37527/, javascriptEnabled: true, nativeEvents: true, platform: WINDOWS, platformName: WINDOWS, requireWindowFocus: false, takesScreenshot: true, unexpectedAlertBehaviour: dismiss, unhandledPromptBehavior: dismiss, version: 11}
Session ID: 34641a5b-368b-4a28-a90d-7a41884b15b3
*** Element info: {Using=name, value=checkyes}
at org.openqa.selenium.remote.ErrorHandler.createThrowable(ErrorHandler.java:214)
at org.openqa.selenium.remote.ErrorHandler.throwIfResponseFailed(ErrorHandler.java:166)
at org.openqa.selenium.remote.http.JsonHttpResponseCodec.reconstructValue(JsonHttpResponseCodec.java:40)
at org.openqa.selenium.remote.http.AbstractHttpResponseCodec.decode(AbstractHttpResponseCodec.java:80)
at org.openqa.selenium.remote.http.AbstractHttpResponseCodec.decode(AbstractHttpResponseCodec.java:44)
at org.openqa.selenium.remote.HttpCommandExecutor.execute(HttpCommandExecutor.java:158)
at org.openqa.selenium.remote.service.DriverCommandExecutor.execute(DriverCommandExecutor.java:83)
at org.openqa.selenium.remote.RemoteWebDriver.execute(RemoteWebDriver.java:548)
at org.openqa.selenium.remote.RemoteWebDriver.findElement(RemoteWebDriver.java:322)
at org.openqa.selenium.remote.RemoteWebDriver.findElementByName(RemoteWebDriver.java:400)
at org.openqa.selenium.By$ByName.findElement(By.java:284)
at org.openqa.selenium.remote.RemoteWebDriver.findElement(RemoteWebDriver.java:314)
at tests.AQCCSRVoid.QcVoid(AQCCSRVoid.java:128)
at tests.QCStore.Refinance(QCStore.java:664)
... Removed 29 stack frames]]>
    </failure>
  </testcase> <!-- Refinance -->
  <testcase name="EPPPayment" time="0.0" classname="tests.QCStore">
    <ignored/>
  </testcase> <!-- EPPPayment -->
  <testcase name="AQC_EPP_Return" time="0.0" classname="tests.QCStore">
    <ignored/>
  </testcase> <!-- AQC_EPP_Return -->
  <testcase name="AQC_EPPDeposit" time="0.0" classname="tests.QCStore">
    <ignored/>
  </testcase> <!-- AQC_EPPDeposit -->
  <testcase name="borrowregNewloan_TLP" time="0.0" classname="tests.QCStore">
    <ignored/>
  </testcase> <!-- borrowregNewloan_TLP -->
  <testcase name="AQC_EPP_Prepayment" time="0.0" classname="tests.QCStore">
    <ignored/>
  </testcase> <!-- AQC_EPP_Prepayment -->
  <testcase name="AQC_EPP_Redeposit" time="0.0" classname="tests.QCStore">
    <ignored/>
  </testcase> <!-- AQC_EPP_Redeposit -->
  <testcase name="ILP_DefaultPayment" time="0.0" classname="tests.QCStore">
    <ignored/>
  </testcase> <!-- ILP_DefaultPayment -->
  <testcase name="NSFpayment" time="0.0" classname="tests.QCStore">
    <ignored/>
  </testcase> <!-- NSFpayment -->
  <testcase name="BuyBack" time="0.0" classname="tests.QCStore">
    <ignored/>
  </testcase> <!-- BuyBack -->
  <testcase name="PartialPayment" time="0.0" classname="tests.QCStore">
    <ignored/>
  </testcase> <!-- PartialPayment -->
  <testcase name="ACHPayment" time="0.0" classname="tests.QCStore">
    <ignored/>
  </testcase> <!-- ACHPayment -->
  <testcase name="WORecovry" time="0.0" classname="tests.QCStore">
    <ignored/>
  </testcase> <!-- WORecovry -->
  <testcase name="ILP_BuyBack" time="0.0" classname="tests.QCStore">
    <ignored/>
  </testcase> <!-- ILP_BuyBack -->
  <testcase name="AQC_EPP_refund" time="0.0" classname="tests.QCStore">
    <ignored/>
  </testcase> <!-- AQC_EPP_refund -->
  <testcase name="borrowregNewloan_ILP" time="0.0" classname="tests.QCStore">
    <ignored/>
  </testcase> <!-- borrowregNewloan_ILP -->
  <testcase name="AQC_EPP_clear" time="0.0" classname="tests.QCStore">
    <ignored/>
  </testcase> <!-- AQC_EPP_clear -->
  <testcase name="AQC_EPP_nsfPayment" time="0.0" classname="tests.QCStore">
    <ignored/>
  </testcase> <!-- AQC_EPP_nsfPayment -->
  <testcase name="Prepayment" time="0.0" classname="tests.QCStore">
    <ignored/>
  </testcase> <!-- Prepayment -->
  <testcase name="ILP_InstallmentAmount" time="0.0" classname="tests.QCStore">
    <ignored/>
  </testcase> <!-- ILP_InstallmentAmount -->
</testsuite> <!-- Test -->
