<html>
<head>
<title>TestNG:  Test</title>
<link href="../testng.css" rel="stylesheet" type="text/css" />
<link href="../my-testng.css" rel="stylesheet" type="text/css" />

<style type="text/css">
.log { display: none;} 
.stack-trace { display: none;} 
</style>
<script type="text/javascript">
<!--
function flip(e) {
  current = e.style.display;
  if (current == 'block') {
    e.style.display = 'none';
    return 0;
  }
  else {
    e.style.display = 'block';
    return 1;
  }
}

function toggleBox(szDivId, elem, msg1, msg2)
{
  var res = -1;  if (document.getElementById) {
    res = flip(document.getElementById(szDivId));
  }
  else if (document.all) {
    // this is the way old msie versions work
    res = flip(document.all[szDivId]);
  }
  if(elem) {
    if(res == 0) elem.innerHTML = msg1; else elem.innerHTML = msg2;
  }

}

function toggleAllBoxes() {
  if (document.getElementsByTagName) {
    d = document.getElementsByTagName('div');
    for (i = 0; i < d.length; i++) {
      if (d[i].className == 'log') {
        flip(d[i]);
      }
    }
  }
}

// -->
</script>

</head>
<body>
<h2 align='center'>Test</h2><table border='1' align="center">
<tr>
<td>Tests passed/Failed/Skipped:</td><td>13/3/0</td>
</tr><tr>
<td>Started on:</td><td>Thu Sep 10 15:31:34 IST 2020</td>
</tr>
<tr><td>Total time:</td><td>14378 seconds (14378221 ms)</td>
</tr><tr>
<td>Included groups:</td><td>Janaki </td>
</tr><tr>
<td>Excluded groups:</td><td></td>
</tr>
</table><p/>
<small><i>(Hover the method name to see the test class name)</i></small><p/>
<table width='100%' border='1' class='invocation-failed'>
<tr><td colspan='4' align='center'><b>FAILED TESTS</b></td></tr>
<tr><td><b>Test method</b></td>
<td width="30%"><b>Exception</b></td>
<td width="10%"><b>Time (seconds)</b></td>
<td><b>Instance</b></td>
</tr>
<tr>
<td title='tests.QCStore.JQC_ILP_Newloan_ThreeDeposit_ThreeReturn_Default_NoCashOutRefinance_Txn()'><b>JQC_ILP_Newloan_ThreeDeposit_ThreeReturn_Default_NoCashOutRefinance_Txn</b><br>Test class: tests.QCStore</td>
<td><div><pre>junit.framework.AssertionFailedError
	at junit.framework.Assert.fail(Assert.java:47)
	at junit.framework.Assert.assertTrue(Assert.java:20)
	at junit.framework.Assert.assertTrue(Assert.java:27)
	at tests.LegalGarnishment.lAndG(LegalGarnishment.java:193)
	at tests.QCStore.JQC_ILP_Newloan_ThreeDeposit_ThreeReturn_Default_NoCashOutRefinance_Txn(QCStore.java:1248)
... Removed 25 stack frames</pre></div><a href='#' onClick='toggleBox("stack-trace1996766383", this, "Click to show all stack frames", "Click to hide stack frames")'>Click to show all stack frames</a>
<div class='stack-trace' id='stack-trace1996766383'><pre>junit.framework.AssertionFailedError
	at junit.framework.Assert.fail(Assert.java:47)
	at junit.framework.Assert.assertTrue(Assert.java:20)
	at junit.framework.Assert.assertTrue(Assert.java:27)
	at tests.LegalGarnishment.lAndG(LegalGarnishment.java:193)
	at tests.QCStore.JQC_ILP_Newloan_ThreeDeposit_ThreeReturn_Default_NoCashOutRefinance_Txn(QCStore.java:1248)
	at sun.reflect.NativeMethodAccessorImpl.invoke0(Native Method)
	at sun.reflect.NativeMethodAccessorImpl.invoke(Unknown Source)
	at sun.reflect.DelegatingMethodAccessorImpl.invoke(Unknown Source)
	at java.lang.reflect.Method.invoke(Unknown Source)
	at org.testng.internal.MethodInvocationHelper.invokeMethod(MethodInvocationHelper.java:124)
	at org.testng.internal.Invoker.invokeMethod(Invoker.java:583)
	at org.testng.internal.Invoker.invokeTestMethod(Invoker.java:719)
	at org.testng.internal.Invoker.invokeTestMethods(Invoker.java:989)
	at org.testng.internal.TestMethodWorker.invokeTestMethods(TestMethodWorker.java:125)
	at org.testng.internal.TestMethodWorker.run(TestMethodWorker.java:109)
	at org.testng.TestRunner.privateRun(TestRunner.java:648)
	at org.testng.TestRunner.run(TestRunner.java:505)
	at org.testng.SuiteRunner.runTest(SuiteRunner.java:455)
	at org.testng.SuiteRunner.runSequentially(SuiteRunner.java:450)
	at org.testng.SuiteRunner.privateRun(SuiteRunner.java:415)
	at org.testng.SuiteRunner.run(SuiteRunner.java:364)
	at org.testng.SuiteRunnerWorker.runSuite(SuiteRunnerWorker.java:52)
	at org.testng.SuiteRunnerWorker.run(SuiteRunnerWorker.java:84)
	at org.testng.TestNG.runSuitesSequentially(TestNG.java:1208)
	at org.testng.TestNG.runSuitesLocally(TestNG.java:1137)
	at org.testng.TestNG.runSuites(TestNG.java:1049)
	at org.testng.TestNG.run(TestNG.java:1017)
	at org.testng.remote.AbstractRemoteTestNG.run(AbstractRemoteTestNG.java:114)
	at org.testng.remote.RemoteTestNG.initAndRun(RemoteTestNG.java:251)
	at org.testng.remote.RemoteTestNG.main(RemoteTestNG.java:77)
</pre></div></td>
<td>1259</td>
<td>tests.QCStore@5f9d02cb</td></tr>
<tr>
<td title='tests.QCStore.JQC_ILP_Newloan_ThreeDeposit_ThreeReturn_Default_YesCashOutRefinance_Txn()'><b>JQC_ILP_Newloan_ThreeDeposit_ThreeReturn_Default_YesCashOutRefinance_Txn</b><br>Test class: tests.QCStore</td>
<td><div><pre>junit.framework.AssertionFailedError
	at junit.framework.Assert.fail(Assert.java:47)
	at junit.framework.Assert.assertTrue(Assert.java:20)
	at junit.framework.Assert.assertTrue(Assert.java:27)
	at tests.LegalGarnishment.lAndG(LegalGarnishment.java:193)
	at tests.QCStore.JQC_ILP_Newloan_ThreeDeposit_ThreeReturn_Default_YesCashOutRefinance_Txn(QCStore.java:1378)
... Removed 25 stack frames</pre></div><a href='#' onClick='toggleBox("stack-trace522718284", this, "Click to show all stack frames", "Click to hide stack frames")'>Click to show all stack frames</a>
<div class='stack-trace' id='stack-trace522718284'><pre>junit.framework.AssertionFailedError
	at junit.framework.Assert.fail(Assert.java:47)
	at junit.framework.Assert.assertTrue(Assert.java:20)
	at junit.framework.Assert.assertTrue(Assert.java:27)
	at tests.LegalGarnishment.lAndG(LegalGarnishment.java:193)
	at tests.QCStore.JQC_ILP_Newloan_ThreeDeposit_ThreeReturn_Default_YesCashOutRefinance_Txn(QCStore.java:1378)
	at sun.reflect.NativeMethodAccessorImpl.invoke0(Native Method)
	at sun.reflect.NativeMethodAccessorImpl.invoke(Unknown Source)
	at sun.reflect.DelegatingMethodAccessorImpl.invoke(Unknown Source)
	at java.lang.reflect.Method.invoke(Unknown Source)
	at org.testng.internal.MethodInvocationHelper.invokeMethod(MethodInvocationHelper.java:124)
	at org.testng.internal.Invoker.invokeMethod(Invoker.java:583)
	at org.testng.internal.Invoker.invokeTestMethod(Invoker.java:719)
	at org.testng.internal.Invoker.invokeTestMethods(Invoker.java:989)
	at org.testng.internal.TestMethodWorker.invokeTestMethods(TestMethodWorker.java:125)
	at org.testng.internal.TestMethodWorker.run(TestMethodWorker.java:109)
	at org.testng.TestRunner.privateRun(TestRunner.java:648)
	at org.testng.TestRunner.run(TestRunner.java:505)
	at org.testng.SuiteRunner.runTest(SuiteRunner.java:455)
	at org.testng.SuiteRunner.runSequentially(SuiteRunner.java:450)
	at org.testng.SuiteRunner.privateRun(SuiteRunner.java:415)
	at org.testng.SuiteRunner.run(SuiteRunner.java:364)
	at org.testng.SuiteRunnerWorker.runSuite(SuiteRunnerWorker.java:52)
	at org.testng.SuiteRunnerWorker.run(SuiteRunnerWorker.java:84)
	at org.testng.TestNG.runSuitesSequentially(TestNG.java:1208)
	at org.testng.TestNG.runSuitesLocally(TestNG.java:1137)
	at org.testng.TestNG.runSuites(TestNG.java:1049)
	at org.testng.TestNG.run(TestNG.java:1017)
	at org.testng.remote.AbstractRemoteTestNG.run(AbstractRemoteTestNG.java:114)
	at org.testng.remote.RemoteTestNG.initAndRun(RemoteTestNG.java:251)
	at org.testng.remote.RemoteTestNG.main(RemoteTestNG.java:77)
</pre></div></td>
<td>1346</td>
<td>tests.QCStore@5f9d02cb</td></tr>
<tr>
<td title='tests.QCStore.JQC_TLP_DCDeposit_Decline_2ndDeposit_Decline_Default_Repo_Redeposit_Decline_Txn()'><b>JQC_TLP_DCDeposit_Decline_2ndDeposit_Decline_Default_Repo_Redeposit_Decline_Txn</b><br>Test class: tests.QCStore</td>
<td><div><pre>java.lang.NullPointerException: null value in entry: url=null
	at com.google.common.collect.CollectPreconditions.checkEntryNotNull(CollectPreconditions.java:32)
	at com.google.common.collect.SingletonImmutableBiMap.&lt;init&gt;(SingletonImmutableBiMap.java:42)
	at com.google.common.collect.ImmutableBiMap.of(ImmutableBiMap.java:72)
	at com.google.common.collect.ImmutableMap.of(ImmutableMap.java:124)
	at org.openqa.selenium.remote.RemoteWebDriver.get(RemoteWebDriver.java:276)
	at tests.RepoReqDenied.repoProcess(RepoReqDenied.java:93)
	at tests.QCStore.JQC_TLP_DCDeposit_Decline_2ndDeposit_Decline_Default_Repo_Redeposit_Decline_Txn(QCStore.java:512)
... Removed 25 stack frames</pre></div><a href='#' onClick='toggleBox("stack-trace2081381475", this, "Click to show all stack frames", "Click to hide stack frames")'>Click to show all stack frames</a>
<div class='stack-trace' id='stack-trace2081381475'><pre>java.lang.NullPointerException: null value in entry: url=null
	at com.google.common.collect.CollectPreconditions.checkEntryNotNull(CollectPreconditions.java:32)
	at com.google.common.collect.SingletonImmutableBiMap.&lt;init&gt;(SingletonImmutableBiMap.java:42)
	at com.google.common.collect.ImmutableBiMap.of(ImmutableBiMap.java:72)
	at com.google.common.collect.ImmutableMap.of(ImmutableMap.java:124)
	at org.openqa.selenium.remote.RemoteWebDriver.get(RemoteWebDriver.java:276)
	at tests.RepoReqDenied.repoProcess(RepoReqDenied.java:93)
	at tests.QCStore.JQC_TLP_DCDeposit_Decline_2ndDeposit_Decline_Default_Repo_Redeposit_Decline_Txn(QCStore.java:512)
	at sun.reflect.NativeMethodAccessorImpl.invoke0(Native Method)
	at sun.reflect.NativeMethodAccessorImpl.invoke(Unknown Source)
	at sun.reflect.DelegatingMethodAccessorImpl.invoke(Unknown Source)
	at java.lang.reflect.Method.invoke(Unknown Source)
	at org.testng.internal.MethodInvocationHelper.invokeMethod(MethodInvocationHelper.java:124)
	at org.testng.internal.Invoker.invokeMethod(Invoker.java:583)
	at org.testng.internal.Invoker.invokeTestMethod(Invoker.java:719)
	at org.testng.internal.Invoker.invokeTestMethods(Invoker.java:989)
	at org.testng.internal.TestMethodWorker.invokeTestMethods(TestMethodWorker.java:125)
	at org.testng.internal.TestMethodWorker.run(TestMethodWorker.java:109)
	at org.testng.TestRunner.privateRun(TestRunner.java:648)
	at org.testng.TestRunner.run(TestRunner.java:505)
	at org.testng.SuiteRunner.runTest(SuiteRunner.java:455)
	at org.testng.SuiteRunner.runSequentially(SuiteRunner.java:450)
	at org.testng.SuiteRunner.privateRun(SuiteRunner.java:415)
	at org.testng.SuiteRunner.run(SuiteRunner.java:364)
	at org.testng.SuiteRunnerWorker.runSuite(SuiteRunnerWorker.java:52)
	at org.testng.SuiteRunnerWorker.run(SuiteRunnerWorker.java:84)
	at org.testng.TestNG.runSuitesSequentially(TestNG.java:1208)
	at org.testng.TestNG.runSuitesLocally(TestNG.java:1137)
	at org.testng.TestNG.runSuites(TestNG.java:1049)
	at org.testng.TestNG.run(TestNG.java:1017)
	at org.testng.remote.AbstractRemoteTestNG.run(AbstractRemoteTestNG.java:114)
	at org.testng.remote.RemoteTestNG.initAndRun(RemoteTestNG.java:251)
	at org.testng.remote.RemoteTestNG.main(RemoteTestNG.java:77)
</pre></div></td>
<td>970</td>
<td>tests.QCStore@5f9d02cb</td></tr>
</table><p>
<table width='100%' border='1' class='invocation-passed'>
<tr><td colspan='4' align='center'><b>PASSED TESTS</b></td></tr>
<tr><td><b>Test method</b></td>
<td width="30%"><b>Exception</b></td>
<td width="10%"><b>Time (seconds)</b></td>
<td><b>Instance</b></td>
</tr>
<tr>
<td title='tests.QCStore.JQC_ILP_Deposit_Return_OtherPayment_Txn()'><b>JQC_ILP_Deposit_Return_OtherPayment_Txn</b><br>Test class: tests.QCStore</td>
<td></td>
<td>652</td>
<td>tests.QCStore@5f9d02cb</td></tr>
<tr>
<td title='tests.QCStore.JQC_ILP_Newloan_Deposit_Return_Deposit_Deposit_Txn()'><b>JQC_ILP_Newloan_Deposit_Return_Deposit_Deposit_Txn</b><br>Test class: tests.QCStore</td>
<td></td>
<td>1036</td>
<td>tests.QCStore@5f9d02cb</td></tr>
<tr>
<td title='tests.QCStore.JQC_ILP_Newloan_Deposit_Return_Deposit_Txn()'><b>JQC_ILP_Newloan_Deposit_Return_Deposit_Txn</b><br>Test class: tests.QCStore</td>
<td></td>
<td>981</td>
<td>tests.QCStore@5f9d02cb</td></tr>
<tr>
<td title='tests.QCStore.JQC_LOC_SignatureLoan_Run2Statements_Default_PartialWaiveFee_Txn()'><b>JQC_LOC_SignatureLoan_Run2Statements_Default_PartialWaiveFee_Txn</b><br>Test class: tests.QCStore</td>
<td></td>
<td>798</td>
<td>tests.QCStore@5f9d02cb</td></tr>
<tr>
<td title='tests.QCStore.JQC_LOC_SignatureLoan_Run2Statements_Default_WaiveFee_Txn()'><b>JQC_LOC_SignatureLoan_Run2Statements_Default_WaiveFee_Txn</b><br>Test class: tests.QCStore</td>
<td></td>
<td>752</td>
<td>tests.QCStore@5f9d02cb</td></tr>
<tr>
<td title='tests.QCStore.JQC_LOC_SignatureLoan_Run2Statements_PartialWaiveFee_Txn()'><b>JQC_LOC_SignatureLoan_Run2Statements_PartialWaiveFee_Txn</b><br>Test class: tests.QCStore</td>
<td></td>
<td>675</td>
<td>tests.QCStore@5f9d02cb</td></tr>
<tr>
<td title='tests.QCStore.JQC_LOC_SignatureLoan_Run2Statements_WaiveFee_Txn()'><b>JQC_LOC_SignatureLoan_Run2Statements_WaiveFee_Txn</b><br>Test class: tests.QCStore</td>
<td></td>
<td>757</td>
<td>tests.QCStore@5f9d02cb</td></tr>
<tr>
<td title='tests.QCStore.JQC_TXMPDLACH_Newloan_Deposit2_5instand6_Txn()'><b>JQC_TXMPDLACH_Newloan_Deposit2_5instand6_Txn</b><br>Test class: tests.QCStore</td>
<td></td>
<td>1233</td>
<td>tests.QCStore@5f9d02cb</td></tr>
<tr>
<td title='tests.QCStore.JQC_TXMPDLDC_Newloan_Deposit2_5instand6_Txn()'><b>JQC_TXMPDLDC_Newloan_Deposit2_5instand6_Txn</b><br>Test class: tests.QCStore</td>
<td></td>
<td>1200</td>
<td>tests.QCStore@5f9d02cb</td></tr>
<tr>
<td title='tests.QCStore.JQC_TXMPDL_Newloan_Greaterthan_CSOFee_Duedate_1stInstPayment_Gracedays_2ndInstalPayment_Txn()'><b>JQC_TXMPDL_Newloan_Greaterthan_CSOFee_Duedate_1stInstPayment_Gracedays_2ndInstalPayment_Txn</b><br>Test class: tests.QCStore</td>
<td></td>
<td>759</td>
<td>tests.QCStore@5f9d02cb</td></tr>
<tr>
<td title='tests.QCStore.JQC_TXMPDL_Newloan_Greaterthan_CSOFee_Gracedays_Payment_Txn()'><b>JQC_TXMPDL_Newloan_Greaterthan_CSOFee_Gracedays_Payment_Txn</b><br>Test class: tests.QCStore</td>
<td></td>
<td>652</td>
<td>tests.QCStore@5f9d02cb</td></tr>
<tr>
<td title='tests.QCStore.JQC_TXMPDL_Newloan_Lessthan_CSOFee_Duedate_Payment_Txn()'><b>JQC_TXMPDL_Newloan_Lessthan_CSOFee_Duedate_Payment_Txn</b><br>Test class: tests.QCStore</td>
<td></td>
<td>519</td>
<td>tests.QCStore@5f9d02cb</td></tr>
<tr>
<td title='tests.QCStore.JQC_TXMPDL_Newloan_Lessthan_CSOFee_Gracedays_Payment_Txn()'><b>JQC_TXMPDL_Newloan_Lessthan_CSOFee_Gracedays_Payment_Txn</b><br>Test class: tests.QCStore</td>
<td></td>
<td>696</td>
<td>tests.QCStore@5f9d02cb</td></tr>
</table><p>
</body>
</html>